2016/10/02 10:16:03.777 Command Line:
  {hub4com  --baud=38400 --no-default-fc-route=All:All --bi-route=All:All --trace-file="C:\Users\PVM\trace_com8.002.log" --octs=off --create-filter=trace --add-filters=0:trace  \\.\CNCB0 com8}
2016/10/02 10:16:03.777 Config:
_BEGIN_
  --baud=38400
  --no-default-fc-route=All:All
  --bi-route=All:All
  --trace-file=C:\Users\PVM\trace_com8.002.log
  --octs=off
  --create-filter=trace
  --add-filters=0:trace
  \\.\CNCB0
  com8
_END_
2016/10/02 10:16:03.794 CNCB0(0)-(trace)->: MSG_LOOP_TEST {00000000}
2016/10/02 10:16:03.794 CNCB0(0)<-(trace)-com8(1): MSG_LOOP_TEST {00000000}
2016/10/02 10:16:03.794 CNCB0(0)-(trace)->: MSG_SET_OUT_OPTS {[]}
2016/10/02 10:16:03.794 CNCB0(0)<-(trace)-com8(1): MSG_SET_OUT_OPTS {[]}
2016/10/02 10:16:03.794 CNCB0(0)-(trace)->: MSG_COUNT_REPEATS {&0019FE8C[0x0] MSG_GET_IN_OPTS}
2016/10/02 10:16:03.794 CNCB0(0)-(trace)->: MSG_GET_IN_OPTS {&0019FE98[] [GO0_0x3ffffff8]}
2016/10/02 10:16:03.794 CNCB0(0)-(trace)->: MSG_GET_IN_OPTS {&00BA7408[] [LBR_STATUS|LLC_STATUS|ESCAPE_MODE]}
2016/10/02 10:16:03.794 CNCB0(0)-(trace)->: MSG_GET_IN_OPTS {&0019FE9C[] [GO1_0x3ff80000]}
2016/10/02 10:16:03.794 CNCB0(0)-(trace)->: MSG_GET_IN_OPTS {&00BA740C[] [DCTS|DDSR|TERI|DDCD|CTS|DSR|RI|DCD|DR|OE|PE|FE|BI|THRE|TEMT|FIFOERR|RBR_STATUS|RLC_STATUS|BREAK_STATUS]}
2016/10/02 10:16:03.794 CNCB0(0)-(trace)->: MSG_GET_IN_OPTS {&0019FEA0[] [GO2_0x3fffffff]}
2016/10/02 10:16:03.794 CNCB0(0)-(trace)->: MSG_GET_IN_OPTS {&0019FEA4[] [GO3_0x3fffffff]}
2016/10/02 10:16:03.794 CNCB0(0)-(trace)->: MSG_FAIL_IN_OPTS {[]}
2016/10/02 10:16:03.794 CNCB0(0)-(trace)->: MSG_FAIL_IN_OPTS {[]}
2016/10/02 10:16:03.794 CNCB0(0)-(trace)->: MSG_FAIL_IN_OPTS {[]}
2016/10/02 10:16:03.794 CNCB0(0)-(trace)->: MSG_FAIL_IN_OPTS {[]}
2016/10/02 10:16:03.794 CNCB0(0)<-(trace)-com8(1): MSG_COUNT_REPEATS {&0019FE8C[0x0] MSG_GET_IN_OPTS}
2016/10/02 10:16:03.794 CNCB0(0)<-(trace)-com8(1): MSG_GET_IN_OPTS {&0019FE98[] [GO0_0x3ffffff8]}
2016/10/02 10:16:03.794 CNCB0(0)<-(trace)-com8(1): MSG_GET_IN_OPTS {&00BA7AF8[] [LBR_STATUS|LLC_STATUS|ESCAPE_MODE]}
2016/10/02 10:16:03.794 CNCB0(0)<-(trace)-com8(1): MSG_GET_IN_OPTS {&0019FE9C[] [GO1_0x3ff80000]}
2016/10/02 10:16:03.794 CNCB0(0)<-(trace)-com8(1): MSG_GET_IN_OPTS {&00BA7AFC[] [DCTS|DDSR|TERI|DDCD|CTS|DSR|RI|DCD|DR|OE|PE|FE|BI|THRE|TEMT|FIFOERR|RBR_STATUS|RLC_STATUS|BREAK_STATUS]}
2016/10/02 10:16:03.794 CNCB0(0)<-(trace)-com8(1): MSG_GET_IN_OPTS {&0019FEA0[] [GO2_0x3fffffff]}
2016/10/02 10:16:03.794 CNCB0(0)<-(trace)-com8(1): MSG_GET_IN_OPTS {&0019FEA4[] [GO3_0x3fffffff]}
2016/10/02 10:16:03.794 CNCB0(0)<-(trace)-com8(1): MSG_FAIL_IN_OPTS {[]}
2016/10/02 10:16:03.794 CNCB0(0)<-(trace)-com8(1): MSG_FAIL_IN_OPTS {[]}
2016/10/02 10:16:03.794 CNCB0(0)<-(trace)-com8(1): MSG_FAIL_IN_OPTS {[]}
2016/10/02 10:16:03.794 CNCB0(0)<-(trace)-com8(1): MSG_FAIL_IN_OPTS {[]}
2016/10/02 10:16:03.794 CNCB0(0)-(trace)->: MSG_FAIL_IN_OPTS {[]}
2016/10/02 10:16:03.794 CNCB0(0)-(trace)->: MSG_FAIL_IN_OPTS {[]}
2016/10/02 10:16:03.794 CNCB0(0)-(trace)->: MSG_CONNECT {true}
2016/10/02 10:16:03.796 CNCB0(0)<-(trace)-com8(1): MSG_FAIL_IN_OPTS {[]}
2016/10/02 10:16:03.796 CNCB0(0)<-(trace)-com8(1): MSG_FAIL_IN_OPTS {[]}
2016/10/02 10:16:03.796 CNCB0(0)<-(trace)-com8(1): MSG_CONNECT {true}
2016/10/02 10:16:03.796 CNCB0(0)-(trace)->: MSG_LINE_DATA {[9]:
  ff 02 02 f0 01 4d 6d 0a 03                       * .....Mm..        *}
2016/10/02 10:16:20.174 CNCB0(0)<-(trace)-com8(1): MSG_LINE_DATA {[19]:
  02 d3 0d 00 25 00 83 c9 5c 00 71 20 20 00 00 00  * ....%...\.q  ... *
  a3 90 03                                         * ...              *}
2016/10/02 10:16:20.197 CNCB0(0)<-(trace)-com8(1): MSG_LINE_DATA {[19]:
  02 d3 0d 00 25 00 83 c9 5c 00 71 20 20 00 00 00  * ....%...\.q  ... *
  a3 90 03                                         * ...              *}
2016/10/02 10:16:20.219 CNCB0(0)<-(trace)-com8(1): MSG_LINE_DATA {[19]:
  02 d3 0d 00 25 00 83 c9 5c 00 71 2e 05 00 00 00  * ....%...\.q..... *
  79 54 03                                         * yT.              *}
2016/10/02 10:16:20.242 CNCB0(0)<-(trace)-com8(1): MSG_LINE_DATA {[19]:
  02 d3 0d 00 25 00 83 c9 5c 00 73 6a 94 00 00 00  * ....%...\.sj.... *
  22 ee 03                                         * "..              *}
2016/10/02 10:16:20.264 CNCB0(0)<-(trace)-com8(1): MSG_LINE_DATA {[19]:
  02 d3 0d 00 35 00 07 b5 77 00 76 0d 3b 00 00 00  * ....5...w.v.;... *
  d2 0d 03                                         * ...              *}
2016/10/02 10:18:50.361 CNCB0(0)-(trace)->: MSG_LINE_DATA {[8]:
  ff 02 f0 01 4d 6d 0a 03                          * ....Mm..         *}
2016/10/02 10:18:51.739 CNCB0(0)-(trace)->: MSG_LINE_DATA {[8]:
  ff 02 f0 01 4d 6d 0a 03                          * ....Mm..         *}
2016/10/02 10:18:53.106 CNCB0(0)-(trace)->: MSG_LINE_DATA {[8]:
  ff 02 f0 01 4d 6d 0a 03                          * ....Mm..         *}
2016/10/02 10:20:18.879 CNCB0(0)-(trace)->: MSG_LINE_DATA {[9]:
  ff 02 02 f0 01 4d 6d 0a 03                       * .....Mm..        *}
2016/10/02 10:20:19.958 CNCB0(0)-(trace)->: MSG_LINE_DATA {[9]:
  ff 02 02 f0 01 4d 6d 0a 03                       * .....Mm..        *}
2016/10/02 10:20:21.036 CNCB0(0)-(trace)->: MSG_LINE_DATA {[6]:
  ff 02 02 70 4d 03                                * ...pM.           *}
2016/10/02 10:36:15.384 CNCB0(0)<-(trace)-com8(1): MSG_LINE_DATA {[19]:
  02 d3 0d 00 25 00 15 4e 4b 00 95 1b f9 00 00 00  * ....%..NK....... *
  7b 95 03                                         * {..              *}
2016/10/02 10:36:40.275 CNCB0(0)-(trace)->: MSG_LINE_DATA {[9]:
  ff 02 02 f0 01 4d 6d 0a 03                       * .....Mm..        *}
2016/10/02 10:36:41.369 CNCB0(0)-(trace)->: MSG_LINE_DATA {[9]:
  ff 02 02 f0 01 4d 6d 0a 03                       * .....Mm..        *}
2016/10/02 10:36:42.448 CNCB0(0)-(trace)->: MSG_LINE_DATA {[6]:
  ff 02 02 70 4d 03                                * ...pM.           *}
2016/10/02 10:38:05.260 CNCB0(0)<-(trace)-com8(1): MSG_LINE_DATA {[19]:
  02 d3 0d 00 25 00 15 4d c9 00 95 8d 93 00 00 00  * ....%..M........ *
  7e 8e 03                                         * ~..              *}
2016/10/02 10:38:26.651 CNCB0(0)<-(trace)-com8(1): MSG_LINE_DATA {[19]:
  02 d3 0d 00 25 00 1e a8 2c 00 95 a0 e8 00 00 00  * ....%...,....... *
  9c 54 03                                         * .T.              *}
2016/10/02 10:40:35.802 CNCB0(0)<-(trace)-com8(1): MSG_LINE_DATA {[19]:
  02 d3 0d 00 25 00 15 60 a9 00 96 10 41 00 00 00  * ....%..`....A... *
  e2 b5 03                                         * ...              *}
2016/10/02 10:41:16.805 CNCB0(0)<-(trace)-com8(1): MSG_LINE_DATA {[19]:
  02 d3 0d 00 25 00 03 66 c1 00 96 2e d7 00 00 00  * ....%..f........ *
  0c 50 03                                         * .P.              *}
2016/10/02 10:41:16.828 CNCB0(0)<-(trace)-com8(1): MSG_LINE_DATA {[19]:
  02 d3 0d 00 25 00 07 b5 bb 00 96 31 8d 00 00 00  * ....%......1.... *
  52 79 03                                         * Ry.              *}
2016/10/02 10:41:16.851 CNCB0(0)<-(trace)-com8(1): MSG_LINE_DATA {[19]:
  02 d3 0d 00 25 00 00 03 cc 00 96 36 db 00 00 00  * ....%......6.... *
  ba 9c 03                                         * ...              *}
2016/10/02 10:42:23.690 CNCB0(0)<-(trace)-com8(1): MSG_LINE_DATA {[19]:
  02 d3 0d 00 25 00 1e a8 28 00 96 6e 25 00 00 00  * ....%...(..n%... *
  cf 59 03                                         * .Y.              *}
2016/10/02 10:43:30.846 CNCB0(0)<-(trace)-com8(1): MSG_LINE_DATA {[19]:
  02 d3 0d 00 25 00 15 4e 2a 00 96 cc a1 00 00 00  * ....%..N*....... *
  b4 ca 03                                         * ...              *}
2016/10/02 10:48:22.902 CNCB0(0)<-(trace)-com8(1): MSG_LINE_DATA {[19]:
  02 d3 0d 00 25 00 15 4e 09 00 97 d1 86 00 00 00  * ....%..N........ *
  b3 6b 03                                         * .k.              *}
2016/10/02 10:48:33.754 CNCB0(0)<-(trace)-com8(1): MSG_LINE_DATA {[19]:
  02 d3 0d 00 25 00 15 4d 96 00 97 f9 dd 00 00 00  * ....%..M........ *
  31 41 03                                         * 1A.              *}
2016/10/02 11:06:49.480 CNCB0(0)<-(trace)-com8(1): MSG_LINE_DATA {[19]:
  02 d3 0d 00 25 00 1e e6 5a 00 98 1f df 00 00 00  * ....%...Z....... *
  81 49 03                                         * .I.              *}
2016/10/02 11:06:49.503 CNCB0(0)<-(trace)-com8(1): MSG_LINE_DATA {[19]:
  02 d3 0d 00 25 00 1f c6 1b 00 98 2c ad 00 00 00  * ....%......,.... *
  38 17 03                                         * 8..              *}
2016/10/02 11:06:49.526 CNCB0(0)<-(trace)-com8(1): MSG_LINE_DATA {[19]:
  02 d3 0d 00 25 00 00 b0 68 00 98 75 55 00 00 00  * ....%...h..uU... *
  13 5a 03                                         * .Z.              *}
2016/10/02 11:06:49.549 CNCB0(0)<-(trace)-com8(1): MSG_LINE_DATA {[19]:
  02 d3 0d 00 25 00 1e e6 58 00 98 ad e3 00 00 00  * ....%...X....... *
  e8 6c 03                                         * .l.              *}
2016/10/02 11:06:49.572 CNCB0(0)<-(trace)-com8(1): MSG_LINE_DATA {[19]:
  02 d3 0d 00 25 00 07 b5 a8 00 98 d8 a3 00 00 00  * ....%........... *
  74 ef 03                                         * t..              *}
2016/10/02 11:06:49.594 CNCB0(0)<-(trace)-com8(1): MSG_LINE_DATA {[19]:
  02 d3 0d 00 25 00 15 4e 1a 00 98 f4 7e 00 00 00  * ....%..N....~... *
  6b 9f 03                                         * k..              *}
2016/10/02 11:06:49.616 CNCB0(0)<-(trace)-com8(1): MSG_LINE_DATA {[19]:
  02 d3 0d 00 25 00 15 4d ea 00 99 0a cd 00 00 00  * ....%..M........ *
  35 3a 03                                         * 5:.              *}
2016/10/02 11:06:49.639 CNCB0(0)<-(trace)-com8(1): MSG_LINE_DATA {[19]:
  02 d3 0d 00 25 00 78 80 b9 00 99 46 95 00 00 00  * ....%.x....F.... *
  3d 94 03                                         * =..              *}
2016/10/02 11:06:49.662 CNCB0(0)<-(trace)-com8(1): MSG_LINE_DATA {[19]:
  02 d3 0d 00 25 00 00 b1 47 00 99 75 df 00 00 00  * ....%...G..u.... *
  a4 5f 03                                         * ._.              *}
2016/10/02 11:06:49.685 CNCB0(0)<-(trace)-com8(1): MSG_LINE_DATA {[19]:
  02 d3 0d 00 35 00 05 2f 6f 00 99 79 14 00 00 00  * ....5../o..y.... *
  59 d4 03                                         * Y..              *}
2016/10/02 11:06:52.555 CNCB0(0)<-(trace)-com8(1): MSG_LINE_DATA {[19]:
  02 d3 0d 00 25 00 1e a8 1a 00 99 be 1b 00 00 00  * ....%........... *
  bf ed 03                                         * ...              *}
2016/10/02 11:06:52.578 CNCB0(0)<-(trace)-com8(1): MSG_LINE_DATA {[19]:
  02 d3 0d 00 25 00 15 4d f6 00 99 d5 de 00 00 00  * ....%..M........ *
  a5 a2 03                                         * ...              *}
2016/10/02 11:06:52.601 CNCB0(0)<-(trace)-com8(1): MSG_LINE_DATA {[19]:
  02 d3 0d 00 25 00 15 60 ad 00 9a 0a 55 00 00 00  * ....%..`....U... *
  ad c0 03                                         * ...              *}
2016/10/02 11:06:52.624 CNCB0(0)<-(trace)-com8(1): MSG_LINE_DATA {[19]:
  02 d3 0d 00 25 00 1f 57 fb 00 9a 1e 01 00 00 00  * ....%..W........ *
  a5 ce 03                                         * ...              *}
2016/10/02 11:06:52.646 CNCB0(0)<-(trace)-com8(1): MSG_LINE_DATA {[19]:
  02 d3 0d 00 25 00 1f c6 27 00 9a 4a b3 00 00 00  * ....%...'..J.... *
  fe ad 03                                         * ...              *}
2016/10/02 11:06:52.668 CNCB0(0)<-(trace)-com8(1): MSG_LINE_DATA {[19]:
  02 d3 0d 00 25 00 03 90 ad 00 9a 54 b7 00 00 00  * ....%......T.... *
  c9 31 03                                         * .1.              *}
2016/10/02 11:06:52.690 CNCB0(0)<-(trace)-com8(1): MSG_LINE_DATA {[19]:
  02 d3 0d 00 25 00 15 4e 2c 00 9a 58 2e 00 00 00  * ....%..N,..X.... *
  2a 7f 03                                         * *..              *}
2016/10/02 11:06:52.713 CNCB0(0)<-(trace)-com8(1): MSG_LINE_DATA {[19]:
  02 d3 0d 00 25 00 15 4d 8d 00 9a 5b f8 00 00 00  * ....%..M...[.... *
  83 5d 03                                         * .].              *}
2016/10/02 11:06:52.735 CNCB0(0)<-(trace)-com8(1): MSG_LINE_DATA {[19]:
  02 d3 0d 00 25 00 1f 5f f9 00 9a 5e 79 00 00 00  * ....%.._...^y... *
  21 a0 03                                         * !..              *}
2016/10/02 11:06:52.758 CNCB0(0)<-(trace)-com8(1): MSG_LINE_DATA {[19]:
  02 d3 0d 00 25 00 07 b5 b2 00 9a 7f 97 00 00 00  * ....%........... *
  00 1c 03                                         * ...              *}
2016/10/02 11:06:57.021 CNCB0(0)<-(trace)-com8(1): MSG_LINE_DATA {[19]:
  02 d3 0d 00 25 00 1e a8 1c 00 9a 82 92 00 00 00  * ....%........... *
  03 b8 03                                         * ...              *}
2016/10/02 11:06:57.044 CNCB0(0)<-(trace)-com8(1): MSG_LINE_DATA {[19]:
  02 d3 0d 00 25 00 1f 9e cb 00 9b 10 31 00 00 00  * ....%.......1... *
  df e8 03                                         * ...              *}
2016/10/02 11:06:57.066 CNCB0(0)<-(trace)-com8(1): MSG_LINE_DATA {[19]:
  02 d3 0d 00 25 00 6a dc 24 00 9b 13 dd 00 00 00  * ....%.j.$....... *
  83 19 03                                         * ...              *}
2016/10/02 11:06:57.089 CNCB0(0)<-(trace)-com8(1): MSG_LINE_DATA {[19]:
  02 d3 0d 00 25 00 1e a8 27 00 9b 39 f1 00 00 00  * ....%...'..9.... *
  60 fa 03                                         * `..              *}
2016/10/02 11:08:18.058 CNCB0(0)<-(trace)-com8(1): MSG_LINE_DATA {[19]:
  02 d3 0d 00 35 00 07 b5 9e 00 9c a1 67 00 00 00  * ....5.......g... *
  ef 2e 03                                         * ...              *}
2016/10/02 11:08:37.022 CNCB0(0)<-(trace)-com8(1): MSG_LINE_DATA {[19]:
  02 d3 0d 00 35 00 1e a8 24 00 9c a6 81 00 00 00  * ....5...$....... *
  3c 5d 03                                         * <].              *}
2016/10/02 11:08:37.053 CNCB0(0)<-(trace)-com8(1): MSG_LINE_DATA {[19]:
  02 d3 0d 00 35 00 03 66 c6 00 9c a9 47 00 00 00  * ....5..f....G... *
  bb 69 03                                         * .i.              *}
2016/10/02 11:08:37.084 CNCB0(0)<-(trace)-com8(1): MSG_LINE_DATA {[19]:
  02 d3 0d 00 25 00 07 b5 bd 00 9b d2 0f 00 00 00  * ....%........... *
  60 44 03                                         * `D.              *}
2016/10/02 11:08:37.115 CNCB0(0)<-(trace)-com8(1): MSG_LINE_DATA {[19]:
  02 d3 0d 00 25 00 6d e2 70 00 9c 0d 12 00 00 00  * ....%.m.p....... *
  b7 55 03                                         * .U.              *}
2016/10/02 11:08:37.147 CNCB0(0)<-(trace)-com8(1): MSG_LINE_DATA {[19]:
  02 d3 0d 00 25 00 07 ac 85 00 9c 45 8e 00 00 00  * ....%......E.... *
  6c d1 03                                         * l..              *}
2016/10/02 11:08:37.178 CNCB0(0)<-(trace)-com8(1): MSG_LINE_DATA {[19]:
  02 d3 0d 00 25 00 15 4d ef 00 9c 5f 6e 00 00 00  * ....%..M..._n... *
  bd 55 03                                         * .U.              *}
2016/10/02 11:08:37.209 CNCB0(0)<-(trace)-com8(1): MSG_LINE_DATA {[19]:
  02 d3 0d 00 25 00 15 4d f2 00 9c 64 45 00 00 00  * ....%..M...dE... *
  7f 90 03                                         * ...              *}
2016/10/02 11:08:37.240 CNCB0(0)<-(trace)-com8(1): MSG_LINE_DATA {[19]:
  02 d3 0d 00 25 00 00 03 65 00 9c 89 a9 00 00 00  * ....%...e....... *
  90 e1 03                                         * ...              *}
2016/10/02 11:08:37.272 CNCB0(0)<-(trace)-com8(1): MSG_LINE_DATA {[19]:
  02 d3 0d 00 25 00 03 90 7d 00 9c 96 78 00 00 00  * ....%...}...x... *
  32 cf 03                                         * 2..              *}
2016/10/02 11:08:49.826 CNCB0(0)<-(trace)-com8(1): MSG_LINE_DATA {[19]:
  02 d3 0d 00 35 00 15 4d c7 00 9c b1 8e 00 00 00  * ....5..M........ *
  96 7d 03                                         * .}.              *}
2016/10/02 11:08:49.872 CNCB0(0)<-(trace)-com8(1): MSG_LINE_DATA {[19]:
  02 d3 0d 00 35 00 1e a8 1a 00 9c c1 2b 00 00 00  * ....5.......+... *
  65 a4 03                                         * e..              *}
2016/10/02 11:09:21.054 CNCB0(0)<-(trace)-com8(1): MSG_LINE_DATA {[19]:
  02 d3 0d 00 35 00 15 4d df 00 9c dd b9 00 00 00  * ....5..M........ *
  fc 43 03                                         * .C.              *}
2016/10/02 11:10:25.536 CNCB0(0)<-(trace)-com8(1): MSG_LINE_DATA {[19]:
  02 d3 0d 00 25 00 15 4d a1 00 9d 0c 44 00 00 00  * ....%..M....D... *
  09 de 03                                         * ...              *}
2016/10/02 11:10:38.322 CNCB0(0)<-(trace)-com8(1): MSG_LINE_DATA {[19]:
  02 d3 0d 00 35 00 1f 57 fb 00 9d 1e 8b 00 00 00  * ....5..W........ *
  fa 28 03                                         * .(.              *}
2016/10/02 11:20:26.705 CNCB0(0)<-(trace)-com8(1): MSG_LINE_DATA {[19]:
  02 d3 0d 00 35 00 15 4d 95 00 9f 6c 65 00 00 00  * ....5..M...le... *
  68 ed 03                                         * h..              *}
2016/10/02 11:22:27.875 CNCB0(0)<-(trace)-com8(1): MSG_LINE_DATA {[19]:
  02 d3 0d 00 25 00 15 4d ee 00 9f 55 62 00 00 00  * ....%..M...Ub... *
  b4 3e 03                                         * .>.              *}
2016/10/02 11:22:27.907 CNCB0(0)<-(trace)-com8(1): MSG_LINE_DATA {[19]:
  02 d3 0d 00 35 00 00 03 cc 00 9f a5 1b 00 00 00  * ....5........... *
  1e 1b 03                                         * ...              *}
2016/10/02 11:23:19.143 CNCB0(0)<-(trace)-com8(1): MSG_LINE_DATA {[19]:
  02 d3 0d 00 35 00 15 4e 26 00 a0 25 6a 00 00 00  * ....5..N&..%j... *
  5e 2d 03                                         * ^-.              *}
2016/10/02 11:23:31.199 CNCB0(0)<-(trace)-com8(1): MSG_LINE_DATA {[19]:
  02 d3 0d 00 25 00 07 b5 bc 00 a0 34 a2 00 00 00  * ....%......4.... *
  1a d5 03                                         * ...              *}
2016/10/02 11:24:04.875 CNCB0(0)<-(trace)-com8(1): MSG_LINE_DATA {[19]:
  02 d3 0d 00 25 00 1e a8 16 00 a0 38 79 00 00 00  * ....%......8y... *
  c7 81 03                                         * ...              *}
2016/10/02 11:27:04.107 CNCB0(0)<-(trace)-com8(1): MSG_LINE_DATA {[19]:
  02 d3 0d 00 25 00 1e a8 25 00 a1 00 d7 00 00 00  * ....%...%....... *
  1f 98 03                                         * ...              *}
2016/10/02 11:27:47.708 CNCB0(0)<-(trace)-com8(1): MSG_LINE_DATA {[19]:
  02 d3 0d 00 35 00 07 b5 bb 00 a1 30 bd 00 00 00  * ....5......0.... *
  18 57 03                                         * .W.              *}
2016/10/02 11:30:14.277 CNCB0(0)<-(trace)-com8(1): MSG_LINE_DATA {[19]:
  02 d3 0d 00 35 00 15 4d 96 00 a1 c2 43 00 00 00  * ....5..M....C... *
  3b 45 03                                         * ;E.              *}
2016/10/02 11:30:26.257 CNCB0(0)<-(trace)-com8(1): MSG_LINE_DATA {[19]:
  02 d3 0d 00 35 00 15 4e 2a 00 a1 cb 49 00 00 00  * ....5..N*...I... *
  88 04 03                                         * ...              *}
2016/10/02 11:30:26.288 CNCB0(0)<-(trace)-com8(1): MSG_LINE_DATA {[19]:
  02 d3 0d 00 25 00 03 66 c4 00 a1 cf 8a 00 00 00  * ....%..f........ *
  10 61 03                                         * .a.              *}
2016/10/02 11:30:26.319 CNCB0(0)<-(trace)-com8(1): MSG_LINE_DATA {[19]:
  02 d3 0d 00 25 00 1f c6 26 00 a1 d1 cf 00 00 00  * ....%...&....... *
  ae 7c 03                                         * .|.              *}
2016/10/02 11:30:37.108 CNCB0(0)<-(trace)-com8(1): MSG_LINE_DATA {[19]:
  02 d3 0d 00 25 00 15 4d ec 00 a1 d9 6d 00 00 00  * ....%..M....m... *
  cc bd 03                                         * ...              *}
2016/10/02 11:30:37.140 CNCB0(0)<-(trace)-com8(1): MSG_LINE_DATA {[19]:
  02 d3 0d 00 35 00 15 4e 2c 00 a1 dc 9a 00 00 00  * ....5..N,....... *
  ac 1e 03                                         * ...              *}
2016/10/02 11:30:59.426 CNCB0(0)<-(trace)-com8(1): MSG_LINE_DATA {[19]:
  02 d3 0d 00 25 00 05 14 19 00 a1 ec 75 00 00 00  * ....%.......u... *
  c4 cc 03                                         * ...              *}
2016/10/02 11:31:11.145 CNCB0(0)<-(trace)-com8(1): MSG_LINE_DATA {[19]:
  02 d3 0d 00 25 00 0d 8e 12 00 a1 f7 4a 00 00 00  * ....%.......J... *
  00 1f 03                                         * ...              *}
2016/10/02 11:32:42.345 CNCB0(0)<-(trace)-com8(1): MSG_LINE_DATA {[19]:
  02 d3 0d 00 35 00 15 4d ea 00 a2 56 4c 00 00 00  * ....5..M...VL... *
  d0 f8 03                                         * ...              *}
2016/10/02 11:33:36.983 CNCB0(0)<-(trace)-com8(1): MSG_LINE_DATA {[19]:
  02 d3 0d 00 35 00 15 4d c9 00 a2 8d a8 00 00 00  * ....5..M........ *
  20 3c 03                                         *  <.              *}
2016/10/02 11:36:16.255 CNCB0(0)<-(trace)-com8(1): MSG_LINE_DATA {[19]:
  02 d3 0d 00 25 00 1f 9e e0 00 a3 01 1d 00 00 00  * ....%........... *
  2b 6d 03                                         * +m.              *}
2016/10/02 11:36:16.286 CNCB0(0)<-(trace)-com8(1): MSG_LINE_DATA {[19]:
  02 d3 0d 00 25 00 15 4e 20 00 a3 06 08 00 00 00  * ....%..N ....... *
  37 64 03                                         * 7d.              *}
2016/10/02 11:36:27.117 CNCB0(0)<-(trace)-com8(1): MSG_LINE_DATA {[19]:
  02 d3 0d 00 35 00 1f c6 27 00 a3 39 25 00 00 00  * ....5...'..9%... *
  d6 bc 03                                         * ...              *}
2016/10/02 11:36:27.148 CNCB0(0)<-(trace)-com8(1): MSG_LINE_DATA {[19]:
  02 d3 0d 00 35 00 1e a8 2c 00 a3 3d 23 00 00 00  * ....5...,..=#... *
  ea 67 03                                         * .g.              *}
2016/10/02 11:36:39.647 CNCB0(0)<-(trace)-com8(1): MSG_LINE_DATA {[19]:
  02 d3 0d 00 35 00 78 80 b9 00 a3 3f ec 00 00 00  * ....5.x....?.... *
  10 42 03                                         * .B.              *}
2016/10/02 11:37:58.293 CNCB0(0)<-(trace)-com8(1): MSG_LINE_DATA {[19]:
  02 d3 0d 00 35 00 03 66 c1 00 a3 8f c6 00 00 00  * ....5..f........ *
  c4 2a 03                                         * .*.              *}
2016/10/02 11:38:42.103 CNCB0(0)<-(trace)-com8(1): MSG_LINE_DATA {[19]:
  02 d3 0d 00 35 00 1e a8 16 00 a3 bc 45 00 00 00  * ....5.......E... *
  c0 03 03                                         * ...              *}
2016/10/02 11:41:18.021 CNCB0(0)<-(trace)-com8(1): MSG_LINE_DATA {[19]:
  02 d3 0d 00 25 00 05 14 1a 00 a4 58 d6 00 00 00  * ....%......X.... *
  5e ee 03                                         * ^..              *}
2016/10/02 11:42:16.351 CNCB0(0)<-(trace)-com8(1): MSG_LINE_DATA {[19]:
  02 d3 0d 00 25 00 15 4d eb 00 a4 8d 45 00 00 00  * ....%..M....E... *
  58 6e 03                                         * Xn.              *}
2016/10/02 11:56:05.989 CNCB0(0)<-(trace)-com8(1): MSG_LINE_DATA {[19]:
  02 d3 0d 00 25 00 05 8b c9 00 a6 1a da 00 00 00  * ....%........... *
  5b b4 03                                         * [..              *}
2016/10/02 11:56:06.019 CNCB0(0)<-(trace)-com8(1): MSG_LINE_DATA {[19]:
  02 d3 0d 00 35 00 03 90 7d 00 a6 1c 95 00 00 00  * ....5...}....... *
  68 22 03                                         * h".              *}
2016/10/02 11:56:06.055 CNCB0(0)<-(trace)-com8(1): MSG_LINE_DATA {[19]:
  02 d3 0d 00 35 00 15 4e 1a 00 a6 27 f4 00 00 00  * ....5..N...'.... *
  43 65 03                                         * Ce.              *}
2016/10/02 11:56:06.086 CNCB0(0)<-(trace)-com8(1): MSG_LINE_DATA {[19]:
  02 d3 0d 00 35 00 1f 5f f9 00 a6 2d 16 00 00 00  * ....5.._...-.... *
  04 5d 03                                         * .].              *}
2016/10/02 11:56:06.118 CNCB0(0)<-(trace)-com8(1): MSG_LINE_DATA {[19]:
  02 d3 0d 00 35 00 07 b5 bd 00 a6 8a 89 00 00 00  * ....5........... *
  d4 fa 03                                         * ...              *}
2016/10/02 11:56:06.149 CNCB0(0)<-(trace)-com8(1): MSG_LINE_DATA {[19]:
  02 d3 0d 00 35 00 1f c6 26 00 a6 8f c2 00 00 00  * ....5...&....... *
  63 ee 03                                         * c..              *}
2016/10/02 11:56:06.180 CNCB0(0)<-(trace)-com8(1): MSG_LINE_DATA {[19]:
  02 d3 0d 00 35 00 07 b5 b2 00 a6 90 ec 00 00 00  * ....5........... *
  14 c8 03                                         * ...              *}
2016/10/02 11:56:06.211 CNCB0(0)<-(trace)-com8(1): MSG_LINE_DATA {[19]:
  02 d3 0d 00 35 00 03 66 c4 00 a6 96 59 00 00 00  * ....5..f....Y... *
  3f 68 03                                         * ?h.              *}
2016/10/02 11:56:06.243 CNCB0(0)<-(trace)-com8(1): MSG_LINE_DATA {[19]:
  02 d3 0d 00 35 00 15 4d ec 00 a6 9f 4d 00 00 00  * ....5..M....M... *
  63 4e 03                                         * cN.              *}
2016/10/02 11:56:06.274 CNCB0(0)<-(trace)-com8(1): MSG_LINE_DATA {[19]:
  02 d3 0d 00 35 00 1f 9e e0 00 a7 03 43 00 00 00  * ....5.......C... *
  d2 10 03                                         * ...              *}
2016/10/02 11:56:13.354 CNCB0(0)<-(trace)-com8(1): MSG_LINE_DATA {[19]:
  02 d3 0d 00 35 00 1e e6 5a 00 a7 82 ac 00 00 00  * ....5...Z....... *
  fd a2 03                                         * ...              *}
2016/10/02 11:56:13.385 CNCB0(0)<-(trace)-com8(1): MSG_LINE_DATA {[19]:
  02 d3 0d 00 35 00 07 b5 76 00 a7 8b a9 00 00 00  * ....5...v....... *
  05 b2 03                                         * ...              *}
2016/10/02 11:56:13.417 CNCB0(0)<-(trace)-com8(1): MSG_LINE_DATA {[19]:
  02 d3 0d 00 35 00 15 4e 20 00 a7 8f f5 00 00 00  * ....5..N ....... *
  5a 99 03                                         * Z..              *}
2016/10/02 11:56:13.448 CNCB0(0)<-(trace)-com8(1): MSG_LINE_DATA {[19]:
  02 d3 0d 00 35 00 1e e6 58 00 a7 94 d7 00 00 00  * ....5...X....... *
  41 db 03                                         * A..              *}
2016/10/02 11:56:13.479 CNCB0(0)<-(trace)-com8(1): MSG_LINE_DATA {[19]:
  02 d3 0d 00 35 00 15 4d ef 00 a7 b8 ea 00 00 00  * ....5..M........ *
  04 e5 03                                         * ...              *}
2016/10/02 11:56:13.510 CNCB0(0)<-(trace)-com8(1): MSG_LINE_DATA {[19]:
  02 d3 0d 00 35 00 15 4d 8d 00 a7 d7 8d 00 00 00  * ....5..M........ *
  ab 38 03                                         * .8.              *}
2016/10/02 12:02:22.746 CNCB0(0)<-(trace)-com8(1): MSG_LINE_DATA {[19]:
  02 d3 0d 00 35 00 15 4d ee 01 00 85 b6 00 00 00  * ....5..M........ *
  6f 27 03                                         * o'.              *}
2016/10/02 12:02:22.777 CNCB0(0)<-(trace)-com8(1): MSG_LINE_DATA {[19]:
  02 d3 0d 00 35 00 07 ac 85 01 00 8b ed 00 00 00  * ....5........... *
  a6 e9 03                                         * ...              *}
2016/10/02 12:02:22.808 CNCB0(0)<-(trace)-com8(1): MSG_LINE_DATA {[19]:
  02 d3 0d 00 35 00 05 14 1a 01 00 8f c4 00 00 00  * ....5........... *
  ed 47 03                                         * .G.              *}
2016/10/02 12:03:59.851 CNCB0(0)<-(trace)-com8(1): MSG_LINE_DATA {[19]:
  02 d3 0d 00 35 00 1f c6 1b 01 00 de 63 00 00 00  * ....5.......c... *
  cb a1 03                                         * ...              *}
2016/10/02 12:05:46.130 CNCB0(0)<-(trace)-com8(1): MSG_LINE_DATA {[19]:
  02 d3 0d 00 35 00 00 03 65 01 01 56 4c 00 00 00  * ....5...e..VL... *
  84 dc 03                                         * ...              *}
2016/10/02 12:05:46.177 CNCB0(0)<-(trace)-com8(1): MSG_LINE_DATA {[19]:
  02 d3 0d 00 35 00 1f 9e cb 01 01 5c 5a 00 00 00  * ....5......\Z... *
  bc 5f 03                                         * ._.              *}
2016/10/02 12:06:53.623 CNCB0(0)<-(trace)-com8(1): MSG_LINE_DATA {[19]:
  02 d3 0d 00 35 00 94 04 44 01 01 99 a0 00 00 00  * ....5...D....... *
  59 06 03                                         * Y..              *}
2016/10/02 12:07:05.032 CNCB0(0)<-(trace)-com8(1): MSG_LINE_DATA {[19]:
  02 d3 0d 00 35 00 1e a8 25 01 01 a1 14 00 00 00  * ....5...%....... *
  1b 91 03                                         * ...              *}
2016/10/02 12:07:05.063 CNCB0(0)<-(trace)-com8(1): MSG_LINE_DATA {[19]:
  02 d3 0d 00 35 00 07 b5 bc 01 01 aa 94 00 00 00  * ....5........... *
  9e 29 03                                         * .).              *}
2016/10/02 12:12:10.307 CNCB0(0)<-(trace)-com8(1): MSG_LINE_DATA {[19]:
  02 d3 0d 00 35 00 05 8b c9 01 02 da 25 00 00 00  * ....5.......%... *
  49 7c 03                                         * I|.              *}
2016/10/02 12:12:22.324 CNCB0(0)<-(trace)-com8(1): MSG_LINE_DATA {[19]:
  02 d3 0d 00 35 00 15 4d eb 01 02 e8 e5 00 00 00  * ....5..M........ *
  8a ea 03                                         * ...              *}
2016/10/02 12:12:56.818 CNCB0(0)<-(trace)-com8(1): MSG_LINE_DATA {[19]:
  02 d3 0d 00 35 00 00 b1 47 01 03 00 ec 00 00 00  * ....5...G....... *
  37 01 03                                         * 7..              *}
2016/10/02 12:13:31.588 CNCB0(0)<-(trace)-com8(1): MSG_LINE_DATA {[19]:
  02 d3 0d 00 35 00 15 4d d7 01 03 29 51 00 00 00  * ....5..M...)Q... *
  a8 e0 03                                         * ...              *}
2016/10/02 12:13:43.202 CNCB0(0)<-(trace)-com8(1): MSG_LINE_DATA {[19]:
  02 d3 0d 00 35 00 04 b1 90 01 03 36 d1 00 00 00  * ....5......6.... *
  4f df 03                                         * O..              *}
2016/10/02 12:22:44.723 CNCB0(0)<-(trace)-com8(1): MSG_LINE_DATA {[19]:
  02 d3 0d 00 35 00 0d 8e 12 01 05 56 55 00 00 00  * ....5......VU... *
  0b 46 03                                         * .F.              *}
2016/10/02 12:23:29.248 CNCB0(0)<-(trace)-com8(1): MSG_LINE_DATA {[19]:
  02 d3 0d 00 35 00 05 14 19 01 05 7d f6 00 00 00  * ....5......}.... *
  04 2f 03                                         * ./.              *}
