2016/10/02 13:58:25.752 Command Line:
  {hub4com  --baud=38400 --no-default-fc-route=All:All --bi-route=All:All --trace-file="C:\Users\PVM\trace_com5.001.log" --octs=off --create-filter=trace --add-filters=0:trace  \\.\CNCB0 com5}
2016/10/02 13:58:25.752 Config:
_BEGIN_
  --baud=38400
  --no-default-fc-route=All:All
  --bi-route=All:All
  --trace-file=C:\Users\PVM\trace_com5.001.log
  --octs=off
  --create-filter=trace
  --add-filters=0:trace
  \\.\CNCB0
  com5
_END_
2016/10/02 13:58:25.768 CNCB0(0)-(trace)->: MSG_LOOP_TEST {00000000}
2016/10/02 13:58:25.768 CNCB0(0)<-(trace)-com5(1): MSG_LOOP_TEST {00000000}
2016/10/02 13:58:25.768 CNCB0(0)-(trace)->: MSG_SET_OUT_OPTS {[]}
2016/10/02 13:58:25.768 CNCB0(0)<-(trace)-com5(1): MSG_SET_OUT_OPTS {[]}
2016/10/02 13:58:25.768 CNCB0(0)-(trace)->: MSG_COUNT_REPEATS {&0019FE8C[0x0] MSG_GET_IN_OPTS}
2016/10/02 13:58:25.768 CNCB0(0)-(trace)->: MSG_GET_IN_OPTS {&0019FE98[] [GO0_0x3ffffff8]}
2016/10/02 13:58:25.768 CNCB0(0)-(trace)->: MSG_GET_IN_OPTS {&00DE7478[] [LBR_STATUS|LLC_STATUS|ESCAPE_MODE]}
2016/10/02 13:58:25.768 CNCB0(0)-(trace)->: MSG_GET_IN_OPTS {&0019FE9C[] [GO1_0x3ff80000]}
2016/10/02 13:58:25.768 CNCB0(0)-(trace)->: MSG_GET_IN_OPTS {&00DE747C[] [DCTS|DDSR|TERI|DDCD|CTS|DSR|RI|DCD|DR|OE|PE|FE|BI|THRE|TEMT|FIFOERR|RBR_STATUS|RLC_STATUS|BREAK_STATUS]}
2016/10/02 13:58:25.768 CNCB0(0)-(trace)->: MSG_GET_IN_OPTS {&0019FEA0[] [GO2_0x3fffffff]}
2016/10/02 13:58:25.768 CNCB0(0)-(trace)->: MSG_GET_IN_OPTS {&0019FEA4[] [GO3_0x3fffffff]}
2016/10/02 13:58:25.768 CNCB0(0)-(trace)->: MSG_FAIL_IN_OPTS {[]}
2016/10/02 13:58:25.768 CNCB0(0)-(trace)->: MSG_FAIL_IN_OPTS {[]}
2016/10/02 13:58:25.768 CNCB0(0)-(trace)->: MSG_FAIL_IN_OPTS {[]}
2016/10/02 13:58:25.768 CNCB0(0)-(trace)->: MSG_FAIL_IN_OPTS {[]}
2016/10/02 13:58:25.768 CNCB0(0)<-(trace)-com5(1): MSG_COUNT_REPEATS {&0019FE8C[0x0] MSG_GET_IN_OPTS}
2016/10/02 13:58:25.768 CNCB0(0)<-(trace)-com5(1): MSG_GET_IN_OPTS {&0019FE98[] [GO0_0x3ffffff8]}
2016/10/02 13:58:25.768 CNCB0(0)<-(trace)-com5(1): MSG_GET_IN_OPTS {&00DE7B68[] [LBR_STATUS|LLC_STATUS|ESCAPE_MODE]}
2016/10/02 13:58:25.768 CNCB0(0)<-(trace)-com5(1): MSG_GET_IN_OPTS {&0019FE9C[] [GO1_0x3ff80000]}
2016/10/02 13:58:25.768 CNCB0(0)<-(trace)-com5(1): MSG_GET_IN_OPTS {&00DE7B6C[] [DCTS|DDSR|TERI|DDCD|CTS|DSR|RI|DCD|DR|OE|PE|FE|BI|THRE|TEMT|FIFOERR|RBR_STATUS|RLC_STATUS|BREAK_STATUS]}
2016/10/02 13:58:25.768 CNCB0(0)<-(trace)-com5(1): MSG_GET_IN_OPTS {&0019FEA0[] [GO2_0x3fffffff]}
2016/10/02 13:58:25.768 CNCB0(0)<-(trace)-com5(1): MSG_GET_IN_OPTS {&0019FEA4[] [GO3_0x3fffffff]}
2016/10/02 13:58:25.768 CNCB0(0)<-(trace)-com5(1): MSG_FAIL_IN_OPTS {[]}
2016/10/02 13:58:25.768 CNCB0(0)<-(trace)-com5(1): MSG_FAIL_IN_OPTS {[]}
2016/10/02 13:58:25.768 CNCB0(0)<-(trace)-com5(1): MSG_FAIL_IN_OPTS {[]}
2016/10/02 13:58:25.768 CNCB0(0)<-(trace)-com5(1): MSG_FAIL_IN_OPTS {[]}
2016/10/02 13:58:25.768 CNCB0(0)-(trace)->: MSG_FAIL_IN_OPTS {[]}
2016/10/02 13:58:25.768 CNCB0(0)-(trace)->: MSG_FAIL_IN_OPTS {[]}
2016/10/02 13:58:25.768 CNCB0(0)-(trace)->: MSG_CONNECT {true}
2016/10/02 13:58:25.768 CNCB0(0)<-(trace)-com5(1): MSG_FAIL_IN_OPTS {[]}
2016/10/02 13:58:25.768 CNCB0(0)<-(trace)-com5(1): MSG_FAIL_IN_OPTS {[]}
2016/10/02 13:58:25.768 CNCB0(0)<-(trace)-com5(1): MSG_CONNECT {true}
2016/10/02 13:58:45.580 CNCB0(0)-(trace)->: MSG_LINE_DATA {[8]:
  ff 02 f0 01 53 73 0a 03                          * ....Ss..         *}
2016/10/02 13:58:45.580 CNCB0(0)<-(trace)-com5(1): MSG_LINE_DATA {[9]:
  02 f0 03 00 01 53 13 11 03                       * .....S...        *}
2016/10/02 13:58:45.580 CNCB0(0)-(trace)->: MSG_LINE_DATA {[9]:
  ff 02 83 02 00 80 bf 17 03                       * .........        *}
2016/10/02 13:58:45.861 CNCB0(0)<-(trace)-com5(1): MSG_LINE_DATA {[64]:
  02 83 83 00 04 00 00 01 35 41 ff 35 38 30 06 0b  * ........5A.580.. *
  18 81 97 80 20 ff 4b 08 4e fa 28 0e 06 1e 00 6d  * .... .K.N.(....m *
  dd 00 00 00 18 04 00 03 5e 00 00 00 00 00 00 00  * ........^....... *
  00 00 4d 70 ff ff ff 01 90 c1 00 0d e3 53 00 00  * ..Mp.........S.. *}
2016/10/02 13:58:45.861 CNCB0(0)<-(trace)-com5(1): MSG_LINE_DATA {[64]:
  00 00 00 00 cf fb 00 24 fe 82 ff 38 19 99 05 1e  * .......$...8.... *
  7f f8 99 84 00 00 ac a6 6b ec ff ff ff ff ff ff  * ........k....... *
  ff ff ff ff ff ff 30 30 30 35 3d 20 00 00 00 00  * ......0005= .... *
  00 00 ff ff ff ff 30 04 04 37 00 10 05 05 01 60  * ......0..7.....` *}
2016/10/02 13:58:45.861 CNCB0(0)<-(trace)-com5(1): MSG_LINE_DATA {[9]:
  33 00 38 42 00 f0 54 24 03                       * 3.8B..T$.        *}
2016/10/02 13:58:45.893 CNCB0(0)-(trace)->: MSG_LINE_DATA {[11]:
  ff 02 81 04 00 01 00 78 78 6c 03                 * .......xxl.      *}
2016/10/02 13:58:46.189 CNCB0(0)<-(trace)-com5(1): MSG_LINE_DATA {[64]:
  02 81 7d 00 04 00 01 00 a8 27 8f f7 20 1e 83 3d  * ..}......'.. ..= *
  97 80 20 02 4d fa 9c 32 20 15 4d a4 9c a7 20 15  * .. .M..2 .M... . *
  a8 13 9c ba 20 1e b0 6a 9d 28 20 00 a8 2a 9d 32  * .... ..j.( ..*.2 *
  20 1e a8 1a 9d 80 20 1e 57 fb 9d c8 20 1f a8 2b  *  ..... .W... ..+ *}
2016/10/02 13:58:46.189 CNCB0(0)<-(trace)-com5(1): MSG_LINE_DATA {[64]:
  9e 3c 20 1e 59 7f 9e 3f 20 02 9b 8f 9e 5d 20 03  * .< .Y..? ....] . *
  5f fc 9e b1 20 1f a8 20 9e b3 20 1e a8 14 9f 08  * _... .. .. ..... *
  20 1e a8 1c 9f 77 20 1e a8 27 a0 54 20 1e 03 cc  *  ....w ..'.T ... *
  a0 62 20 00 60 af a0 dd 20 15 4e 4b a1 4c 20 15  * .b .`... .NK.L . *}
2016/10/02 13:58:46.189 CNCB0(0)<-(trace)-com5(1): MSG_LINE_DATA {[3]:
  49 33 03                                         * I3.              *}
2016/10/02 13:58:46.221 CNCB0(0)-(trace)->: MSG_LINE_DATA {[11]:
  ff 02 81 04 00 01 78 78 e8 69 03                 * ......xx.i.      *}
2016/10/02 13:58:46.518 CNCB0(0)<-(trace)-com5(1): MSG_LINE_DATA {[64]:
  02 81 7d 00 04 00 01 78 a8 19 a1 8a 20 1e b5 9e  * ..}....x.... ... *
  a1 ed 20 07 b5 bb a1 f9 20 07 4e 2c a2 6d 20 15  * .. ..... .N,.m . *
  4d 96 a2 7b 20 15 4e 2a a2 86 20 15 a8 24 a2 c7  * M..{ .N*.. ..$.. *
  20 1e a8 28 a2 d2 20 1e 59 86 a2 e8 20 02 1d 99  *  ..(.. .Y... ... *}
2016/10/02 13:58:46.518 CNCB0(0)<-(trace)-com5(1): MSG_LINE_DATA {[64]:
  a2 eb 20 03 a8 17 a3 19 20 1e 4d ea a3 1f 20 15  * .. ..... .M... . *
  88 29 a3 3a 20 1f 4d c9 a3 3c 20 15 a8 0e a3 6d  * .).: .M..< ....m *
  20 1e b3 a7 a3 cc 20 00 c6 27 a3 dd 20 1f 80 b9  *  ..... ..'.. ... *
  a3 e6 20 78 4e 09 a3 ee 20 15 a8 2c a4 09 20 1e  * .. xN... ..,.. . *}
2016/10/02 13:58:46.518 CNCB0(0)<-(trace)-com5(1): MSG_LINE_DATA {[3]:
  e8 ad 03                                         * ...              *}
2016/10/02 13:58:46.564 CNCB0(0)-(trace)->: MSG_LINE_DATA {[11]:
  ff 02 81 04 00 01 f0 78 d8 63 03                 * .......x.c.      *}
2016/10/02 13:58:46.815 CNCB0(0)<-(trace)-com5(1): MSG_LINE_DATA {[1]:
  15                                               * .                *}
2016/10/02 13:58:47.143 CNCB0(0)-(trace)->: MSG_LINE_DATA {[11]:
  ff 02 81 04 00 01 f0 78 d8 63 03                 * .......x.c.      *}
2016/10/02 13:58:47.361 CNCB0(0)<-(trace)-com5(1): MSG_LINE_DATA {[1]:
  15                                               * .                *}
2016/10/02 13:58:47.690 CNCB0(0)-(trace)->: MSG_LINE_DATA {[11]:
  ff 02 81 04 00 01 f0 78 d8 63 03                 * .......x.c.      *}
2016/10/02 13:58:47.986 CNCB0(0)<-(trace)-com5(1): MSG_LINE_DATA {[64]:
  02 81 7d 00 04 00 01 f0 59 81 a4 87 20 02 60 a9  * ..}.....Y... .`. *
  a4 b5 20 15 a8 16 a4 ce 20 1e 60 b1 a5 90 20 15  * .. ..... .`... . *
  60 ac a5 a6 20 15 60 aa a5 a8 20 15 4d f1 a5 af  * `... .`... .M... *
  20 15 e2 70 a6 87 20 6d 83 3d a6 c5 20 02 5f f9  *  ..p.. m.=.. ._. *}
2016/10/02 13:58:47.986 CNCB0(0)<-(trace)-com5(1): MSG_LINE_DATA {[64]:
  a6 ce 20 1f 4d 95 a6 ea 20 15 4e 26 a6 f3 20 15  * .. .M... .N&.. . *
  4e 1a a7 0f 20 15 a8 15 a7 6f 20 1e b5 b2 a7 70  * N... ....o ....p *
  20 07 b5 bd a7 72 20 07 c6 26 a7 8c 20 1f 59 84  *  ....r ..&.. .Y. *
  a7 92 20 02 4d df a7 9c 20 15 4d ec a7 b8 20 15  * .. .M... .M... . *}
2016/10/02 13:58:47.986 CNCB0(0)<-(trace)-com5(1): MSG_LINE_DATA {[3]:
  bf d0 03                                         * ...              *}
2016/10/02 13:58:48.049 CNCB0(0)-(trace)->: MSG_LINE_DATA {[11]:
  ff 02 81 04 00 02 68 78 08 56 03                 * ......hx.V.      *}
2016/10/02 13:58:48.315 CNCB0(0)<-(trace)-com5(1): MSG_LINE_DATA {[64]:
  02 81 7d 00 04 00 02 68 4d c7 a7 bd 20 15 9e e0  * ..}....hM... ... *
  a7 ef 20 1f 4e 44 a8 3e 20 15 b5 76 a8 47 20 07  * .. .ND.> ..v.G . *
  59 7d a8 56 20 02 e6 5a a8 57 20 1e 7f e6 a8 5a  * Y}.V ..Z.W ....Z *
  20 03 e6 58 a8 5c 20 1e 4d ef a8 61 20 15 b3 a2  *  ..X.\ .M..a ... *}
2016/10/02 13:58:48.315 CNCB0(0)<-(trace)-com5(1): MSG_LINE_DATA {[64]:
  a8 7e 20 00 4e 20 a8 83 20 15 4d 8d 00 09 21 15  * .~ .N .. .M...!. *
  b1 42 00 46 21 00 59 7b 00 48 21 02 b5 a8 00 c7  * .B.F!.Y{.H!..... *
  21 07 ac 85 00 e6 21 07 f7 a9 01 38 21 03 4d ee  * !.....!....8!.M. *
  01 3b 21 15 80 3a 01 4c 21 03 dc 24 01 cc 21 6a  * .;!..:.L!..$..!j *}
2016/10/02 13:58:48.315 CNCB0(0)<-(trace)-com5(1): MSG_LINE_DATA {[3]:
  a1 d6 03                                         * ...              *}
2016/10/02 13:58:48.377 CNCB0(0)-(trace)->: MSG_LINE_DATA {[11]:
  ff 02 81 04 00 02 e0 78 38 5c 03                 * .......x8\.      *}
2016/10/02 13:58:48.643 CNCB0(0)<-(trace)-com5(1): MSG_LINE_DATA {[64]:
  02 81 7d 00 04 00 02 e0 83 6d 01 f5 21 02 03 65  * ..}......m..!..e *
  02 0f 21 00 c6 1b 02 27 21 1f 9e cb 02 44 21 1f  * ..!....'!....D!. *
  a8 25 02 4c 21 1e 04 44 02 59 21 94 b5 bc 02 61  * .%.L!..D.Y!....a *
  21 07 4d d7 03 df 21 15 1d b0 03 e5 21 03 4d f6  * !.M...!.....!.M. *}
2016/10/02 13:58:48.643 CNCB0(0)<-(trace)-com5(1): MSG_LINE_DATA {[64]:
  03 fd 21 15 f7 e9 04 1f 21 03 b1 47 04 65 21 00  * ..!.....!..G.e!. *
  4d eb 04 8a 21 15 4d f2 04 cb 21 15 9b c5 05 23  * M...!.M...!....# *
  21 03 8e 12 06 83 21 0d 80 39 06 86 21 03 4d fa  * !.....!..9..!.M. *
  06 dd 21 15 4d a1 08 2d 21 15 b0 68 0d 49 21 00  * ..!.M..-!..h.I!. *}
2016/10/02 13:58:48.643 CNCB0(0)<-(trace)-com5(1): MSG_LINE_DATA {[3]:
  aa 3f 03                                         * .?.              *}
2016/10/02 13:58:48.721 CNCB0(0)-(trace)->: MSG_LINE_DATA {[11]:
  ff 02 81 04 00 03 58 06 29 45 03                 * ......X.)E.      *}
2016/10/02 13:58:48.783 CNCB0(0)<-(trace)-com5(1): MSG_LINE_DATA {[17]:
  02 81 0b 00 04 00 03 58 60 ad 0f 68 21 15 20 ad  * .......X`..h!. . *
  03                                               * .                *}
2016/10/02 13:59:28.970 CNCB0(0)-(trace)->: MSG_LINE_DATA {[8]:
  ff 02 f0 01 53 73 0a 03                          * ....Ss..         *}
2016/10/02 13:59:28.970 CNCB0(0)<-(trace)-com5(1): MSG_LINE_DATA {[9]:
  02 f0 03 00 01 53 13 11 03                       * .....S...        *}
2016/10/02 13:59:28.985 CNCB0(0)-(trace)->: MSG_LINE_DATA {[9]:
  ff 02 83 02 00 80 bf 17 03                       * .........        *}
2016/10/02 13:59:29.220 CNCB0(0)<-(trace)-com5(1): MSG_LINE_DATA {[1]:
  15                                               * .                *}
2016/10/02 13:59:29.548 CNCB0(0)-(trace)->: MSG_LINE_DATA {[9]:
  ff 02 83 02 00 80 bf 17 03                       * .........        *}
2016/10/02 13:59:29.829 CNCB0(0)<-(trace)-com5(1): MSG_LINE_DATA {[64]:
  02 83 83 00 3d 00 00 01 35 00 ff 35 38 30 06 0b  * ....=...5..580.. *
  18 81 97 80 20 e7 4b 08 4e fa 28 0e 03 06 00 6d  * .... .K.N.(....m *
  dd 00 00 00 18 04 ff 01 3c 00 00 00 00 00 00 00  * ........<....... *
  00 00 4d 70 ff ff 00 01 90 00 00 0d 9d 20 00 00  * ..Mp......... .. *}
2016/10/02 13:59:29.829 CNCB0(0)<-(trace)-com5(1): MSG_LINE_DATA {[64]:
  00 00 00 00 50 94 00 24 ff a0 ff 38 19 99 05 1e  * ....P..$...8.... *
  7f f8 99 84 ff ff a4 32 6b 3e ff ff ff ff ff ff  * .......2k>...... *
  ff ff ff ff ff ff 30 30 30 35 3d 20 00 00 00 00  * ......0005= .... *
  00 00 ff ff ff ff 30 02 3d 37 00 10 05 05 01 60  * ......0.=7.....` *}
2016/10/02 13:59:29.829 CNCB0(0)<-(trace)-com5(1): MSG_LINE_DATA {[9]:
  33 00 38 42 00 f0 b3 37 03                       * 3.8B...7.        *}
2016/10/02 13:59:29.860 CNCB0(0)-(trace)->: MSG_LINE_DATA {[11]:
  ff 02 81 04 00 01 00 3c 79 f4 03                 * .......<y..      *}
2016/10/02 13:59:30.032 CNCB0(0)<-(trace)-com5(1): MSG_LINE_DATA {[1]:
  15                                               * .                *}
2016/10/02 13:59:30.360 CNCB0(0)-(trace)->: MSG_LINE_DATA {[11]:
  ff 02 81 04 00 01 00 3c 79 f4 03                 * .......<y..      *}
2016/10/02 13:59:30.532 CNCB0(0)<-(trace)-com5(1): MSG_LINE_DATA {[64]:
  02 81 41 00 3d 00 01 00 80 29 77 b6 20 02 9b 8f  * ..A.=....)w. ... *
  9c e6 20 03 4d c9 9f e1 20 15 b5 9e a0 36 20 07  * .. .M... ....6 . *
  59 86 a0 ca 20 02 a8 24 a0 cd 20 1e 4d df a4 86  * Y... ..$.. .M... *
  20 15 4d c7 a4 b4 20 15 4e 26 a5 24 20 15 4d 95  *  .M... .N&.$ .M. *}
2016/10/02 13:59:30.532 CNCB0(0)<-(trace)-com5(1): MSG_LINE_DATA {[7]:
  a5 2d 20 15 bf f0 03                             * .- ....          *}
2016/10/02 13:59:35.657 CNCB0(0)-(trace)->: MSG_LINE_DATA {[8]:
  ff 02 f0 01 53 73 0a 03                          * ....Ss..         *}
2016/10/02 13:59:35.657 CNCB0(0)<-(trace)-com5(1): MSG_LINE_DATA {[9]:
  02 f0 03 00 01 53 13 11 03                       * .....S...        *}
2016/10/02 13:59:35.657 CNCB0(0)-(trace)->: MSG_LINE_DATA {[9]:
  ff 02 83 02 00 80 bf 17 03                       * .........        *}
2016/10/02 13:59:35.939 CNCB0(0)<-(trace)-com5(1): MSG_LINE_DATA {[64]:
  02 83 83 00 3e 00 00 01 35 3f ff 35 38 30 06 0b  * ....>...5?.580.. *
  18 81 97 80 20 10 4b 08 4e fa 28 0b 0b 0b 00 6d  * .... .K.N.(....m *
  dd 00 00 00 18 04 ff 01 ea 00 00 00 00 00 00 00  * ................ *
  00 00 4d 70 ff ff ff 00 a3 c1 00 02 0d 2c 00 00  * ..Mp.........,.. *}
2016/10/02 13:59:35.939 CNCB0(0)<-(trace)-com5(1): MSG_LINE_DATA {[64]:
  00 00 ff 00 a0 77 00 24 ff 06 ff 38 19 99 05 1e  * .....w.$...8.... *
  7f f8 99 84 ff ff ae 5e 6b 6a ff ff ff ff ff ff  * .......^kj...... *
  ff ff ff ff ff ff 30 30 30 35 3d 20 00 00 00 00  * ......0005= .... *
  00 00 ff ff ff ff 30 02 3e 37 00 10 05 05 01 60  * ......0.>7.....` *}
2016/10/02 13:59:35.939 CNCB0(0)<-(trace)-com5(1): MSG_LINE_DATA {[9]:
  33 00 38 42 00 f0 5a ff 03                       * 3.8B..Z..        *}
2016/10/02 13:59:35.970 CNCB0(0)-(trace)->: MSG_LINE_DATA {[11]:
  ff 02 81 04 00 01 00 78 78 6c 03                 * .......xxl.      *}
2016/10/02 13:59:36.236 CNCB0(0)<-(trace)-com5(1): MSG_LINE_DATA {[1]:
  15                                               * .                *}
2016/10/02 13:59:36.564 CNCB0(0)-(trace)->: MSG_LINE_DATA {[11]:
  ff 02 81 04 00 01 00 78 78 6c 03                 * .......xxl.      *}
2016/10/02 13:59:36.814 CNCB0(0)<-(trace)-com5(1): MSG_LINE_DATA {[64]:
  02 81 7d 00 3e 00 01 00 c9 5c 78 10 20 83 e6 58  * ..}.>....\x. ..X *
  9b 72 20 1e e6 5a 9b 78 20 1e a8 1c 9b bd 20 1e  * .r ..Z.x ..... . *
  4e 2c 9b d1 20 15 03 cc 9c 0d 20 00 4e 2a 9c 64  * N,.. ..... .N*.d *
  20 15 b5 bb 9c 68 20 07 a8 2c 9c 74 20 1e a8 27  *  ....h ..,.t ..' *}
2016/10/02 13:59:36.814 CNCB0(0)<-(trace)-com5(1): MSG_LINE_DATA {[64]:
  9c 7b 20 1e 4d 96 9d 40 20 15 59 81 9d 4b 20 02  * .{ .M..@ .Y..K . *
  80 b9 9e 06 20 78 83 3d 9e 38 20 02 4d ea 9e a1  * .... x.=.8 .M... *
  20 15 4d ef 9e a4 20 15 c6 27 9f 9f 20 1f a8 17  *  .M... ..'.. ... *
  9f d5 20 1e a8 0e a0 09 20 1e 60 ad a0 a1 20 15  * .. ..... .`... . *}
2016/10/02 13:59:36.814 CNCB0(0)<-(trace)-com5(1): MSG_LINE_DATA {[3]:
  41 c0 03                                         * A..              *}
2016/10/02 13:59:36.845 CNCB0(0)-(trace)->: MSG_LINE_DATA {[11]:
  ff 02 81 04 00 01 78 72 e8 55 03                 * ......xr.U.      *}
2016/10/02 13:59:37.095 CNCB0(0)<-(trace)-com5(1): MSG_LINE_DATA {[1]:
  15                                               * .                *}
2016/10/02 13:59:37.439 CNCB0(0)-(trace)->: MSG_LINE_DATA {[11]:
  ff 02 81 04 00 01 78 72 e8 55 03                 * ......xr.U.      *}
2016/10/02 13:59:37.736 CNCB0(0)<-(trace)-com5(1): MSG_LINE_DATA {[64]:
  02 81 77 00 3e 00 01 78 4e 1a a0 a8 20 15 04 44  * ..w.>..xN... ..D *
  a0 b0 20 94 ac 85 a0 d0 20 07 1d b0 a0 db 20 03  * .. ..... ..... . *
  4d ee a0 de 20 15 4d d7 a0 f7 20 15 b5 b2 a0 fb  * M... .M... ..... *
  20 07 c6 1b a1 12 20 1f b5 bd a1 45 20 07 5f f9  *  ..... ....E ._. *}
2016/10/02 13:59:37.736 CNCB0(0)<-(trace)-com5(1): MSG_LINE_DATA {[61]:
  a2 01 20 1f b5 bc a2 20 20 07 b5 76 a2 25 20 07  * .. ....  ..v.% . *
  4d 8d a2 65 20 15 9e cb a2 6a 20 1f 03 65 a2 d9  * M..e ....j ..e.. *
  20 00 b1 47 a2 f2 20 00 a8 25 a3 03 20 1e 80 39  *  ..G.. ..%.. ..9 *
  a5 27 20 03 8e 12 a5 2d 20 0d 05 b1 03           * .' ....- ....    *}
2016/10/02 13:59:41.845 CNCB0(0)-(trace)->: MSG_LINE_DATA {[8]:
  ff 02 f0 01 53 73 0a 03                          * ....Ss..         *}
2016/10/02 13:59:41.845 CNCB0(0)<-(trace)-com5(1): MSG_LINE_DATA {[9]:
  02 f0 03 00 01 53 13 11 03                       * .....S...        *}
2016/10/02 13:59:41.845 CNCB0(0)-(trace)->: MSG_LINE_DATA {[9]:
  ff 02 83 02 00 80 bf 17 03                       * .........        *}
2016/10/02 13:59:42.189 CNCB0(0)<-(trace)-com5(1): MSG_LINE_DATA {[64]:
  02 83 83 00 3f 00 00 01 35 3c ff 35 38 30 06 0b  * ....?...5<.580.. *
  18 81 97 80 20 03 4b 08 4e fa 28 06 0b 18 00 6d  * .... .K.N.(....m *
  dd 00 00 00 18 04 ff 01 ea 00 00 00 00 00 00 00  * ................ *
  00 00 4d 70 ff ff 01 44 92 c1 00 42 f6 5e 00 00  * ..Mp...D...B.^.. *}
2016/10/02 13:59:42.189 CNCB0(0)<-(trace)-com5(1): MSG_LINE_DATA {[64]:
  00 00 00 00 81 21 00 24 01 96 ff 38 19 99 05 1e  * .....!.$...8.... *
  7f f8 99 84 ff ff 9e 22 68 ba ff ff ff ff ff ff  * ......."h....... *
  ff ff ff ff ff ff 30 30 30 35 3d 20 00 00 00 00  * ......0005= .... *
  00 00 ff ff ff ff 30 02 3f 37 00 10 05 05 01 60  * ......0.?7.....` *}
2016/10/02 13:59:42.189 CNCB0(0)<-(trace)-com5(1): MSG_LINE_DATA {[9]:
  33 00 38 42 00 f0 72 8e 03                       * 3.8B..r..        *}
2016/10/02 13:59:42.220 CNCB0(0)-(trace)->: MSG_LINE_DATA {[11]:
  ff 02 81 04 00 01 00 78 78 6c 03                 * .......xxl.      *}
2016/10/02 13:59:42.517 CNCB0(0)<-(trace)-com5(1): MSG_LINE_DATA {[64]:
  02 81 7d 00 3f 00 01 00 80 29 74 5f 20 02 a8 13  * ..}.?....)t_ ... *
  9b 3d 20 1e 4d a4 9c 39 20 15 5f fc 9d 8b 20 1f  * .= .M..9 ._... . *
  a8 20 9d a2 20 1e 9b 8f 9d bf 20 03 a8 14 9d cc  * . .. ..... ..... *
  20 1e 4d c9 9f 02 20 15 b5 9e a1 13 20 07 4e 2c  *  .M... ..... .N, *}
2016/10/02 13:59:42.517 CNCB0(0)<-(trace)-com5(1): MSG_LINE_DATA {[64]:
  a1 19 20 15 59 86 a1 cc 20 02 a8 24 a1 f7 20 1e  * .. .Y... ..$.. . *
  1d 99 a2 5f 20 03 88 29 a2 bd 20 1f b3 a7 a3 68  * ..._ ..).. ....h *
  20 00 83 3d a4 7d 20 02 4d f1 a5 25 20 15 4e 26  *  ..=.} .M..% .N& *
  a6 1b 20 15 4d 95 a6 28 20 15 e6 5a a6 32 20 1e  * .. .M..( ..Z.2 . *}
2016/10/02 13:59:42.517 CNCB0(0)<-(trace)-com5(1): MSG_LINE_DATA {[3]:
  91 7c 03                                         * .|.              *}
2016/10/02 13:59:42.532 CNCB0(0)-(trace)->: MSG_LINE_DATA {[11]:
  ff 02 81 04 00 01 78 72 e8 55 03                 * ......xr.U.      *}
2016/10/02 13:59:42.829 CNCB0(0)<-(trace)-com5(1): MSG_LINE_DATA {[64]:
  02 81 77 00 3f 00 01 78 e6 58 a6 3b 20 1e 4d df  * ..w.?..x.X.; .M. *
  a6 70 20 15 4d ef a6 82 20 15 4d c7 a6 98 20 15  * .p .M... .M... . *
  59 7d a7 49 20 02 7f e6 a7 4b 20 03 4d ee a7 66  * Y}.I ....K .M..f *
  20 15 ac 85 a7 c9 20 07 b3 a2 a7 fb 20 00 04 44  *  ..... ..... ..D *}
2016/10/02 13:59:42.829 CNCB0(0)<-(trace)-com5(1): MSG_LINE_DATA {[61]:
  00 68 21 94 a8 25 00 c5 21 1e b5 bc 00 d7 21 07  * .h!..%..!.....!. *
  1d b0 01 29 21 03 4d d7 01 6f 21 15 80 39 03 b2  * ...)!.M..o!..9.. *
  21 03 8e 12 03 b8 21 0d 9b c5 04 c5 21 03 4d fa  * !.....!.....!.M. *
  06 4d 21 15 60 ad 08 6b 21 15 62 40 03           * .M!.`..k!.b@.    *}
